#
# There is insufficient memory for the Java Runtime Environment to continue.
# Native memory allocation (mmap) failed to map 268435456 bytes for Failed to commit area from 0x0000000701400000 to 0x0000000711400000 of length 268435456.
# Possible reasons:
#   The system is out of physical RAM or swap space
#   The process is running with CompressedOops enabled, and the Java Heap may be blocking the growth of the native heap
# Possible solutions:
#   Reduce memory load on the system
#   Increase physical memory or swap space
#   Check if swap backing store is full
#   Decrease Java heap size (-Xmx/-Xms)
#   Decrease number of Java threads
#   Decrease Java thread stack sizes (-Xss)
#   Set larger code cache with -XX:ReservedCodeCacheSize=
# This output file may be truncated or incomplete.
#
#  Out of Memory Error (./open/src/hotspot/os/windows/os_windows.cpp:3293), pid=20944, tid=18768
#
# JRE version:  (11.0.20+9) (build )
# Java VM: Java HotSpot(TM) 64-Bit Server VM (11.0.20+9-LTS-256, mixed mode, sharing, tiered, compressed oops, g1 gc, windows-amd64)
# No core dump will be written. Minidumps are not enabled by default on client versions of Windows
#

---------------  S U M M A R Y ------------

Command Line: -Dfile.encoding=UTF-8 -Dstdout.encoding=UTF-8 -Dstderr.encoding=UTF-8 day0119.L03_CheckRadio

Host: Intel(R) Core(TM) i7-6700 CPU @ 3.40GHz, 8 cores, 15G,  Windows 10 , 64 bit Build 19041 (10.0.19041.3636)
Time: Fri Jan 19 12:07:44 2024  Windows 10 , 64 bit Build 19041 (10.0.19041.3636) elapsed time: 0.013573 seconds (0d 0h 0m 0s)

---------------  T H R E A D  ---------------

Current thread (0x0000025d93281000):  JavaThread "Unknown thread" [_thread_in_vm, id=18768, stack(0x000000d7ffc00000,0x000000d7ffd00000)]

Stack: [0x000000d7ffc00000,0x000000d7ffd00000]
Native frames: (J=compiled Java code, j=interpreted, Vv=VM code, C=native code)
V  [jvm.dll+0x6602ba]
V  [jvm.dll+0x7a32af]
V  [jvm.dll+0x7a4979]
V  [jvm.dll+0x7a5013]
V  [jvm.dll+0x258ef5]
V  [jvm.dll+0x65d619]
V  [jvm.dll+0x652375]
V  [jvm.dll+0x31359d]
V  [jvm.dll+0x313402]
V  [jvm.dll+0x318036]
V  [jvm.dll+0x360130]
V  [jvm.dll+0x35fba2]
V  [jvm.dll+0x2eec28]
V  [jvm.dll+0x2efd35]
V  [jvm.dll+0x77c327]
V  [jvm.dll+0x77dc0f]
V  [jvm.dll+0x36d3d9]
V  [jvm.dll+0x760d0f]
V  [jvm.dll+0x3df467]
V  [jvm.dll+0x3e1511]
C  [jli.dll+0x52e7]
C  [ucrtbase.dll+0x21bb2]
C  [KERNEL32.DLL+0x17344]
C  [ntdll.dll+0x526b1]


---------------  P R O C E S S  ---------------

Threads class SMR info:
_java_thread_list=0x0000025d910f3440, length=0, elements={
}

Java Threads: ( => current thread )

Other Threads:
  0x0000025d93295000 GCTaskThread "GC Thread#0" [stack: 0x000000d7ffd00000,0x000000d7ffe00000] [id=20720]
  0x0000025d932f3000 ConcurrentGCThread "G1 Main Marker" [stack: 0x000000d7ffe00000,0x000000d7fff00000] [id=20892]
  0x0000025d932f5800 ConcurrentGCThread "G1 Conc#0" [stack: 0x000000d7fff00000,0x000000d800000000] [id=20708]

[error occurred during error reporting (printing all threads), id 0xc0000005, EXCEPTION_ACCESS_VIOLATION (0xc0000005) at pc=0x00007ff8f6faf6e7]

VM state:not at safepoint (not fully initialized)

VM Mutex/Monitor currently owned by a thread:  ([mutex/lock_event])
[0x0000025d9327dd70] Heap_lock - owner thread: 0x0000025d93281000

Heap address: 0x0000000701400000, size: 4076 MB, Compressed Oops mode: Non-zero based: 0x0000000701400000
Narrow klass base: 0x0000000000000000, Narrow klass shift: 0

GC Heap History (0 events):
No events

Deoptimization events (0 events):
No events

Classes redefined (0 events):
No events

Internal exceptions (0 events):
No events

Events (0 events):
No events


Dynamic libraries:
0x00007ff620570000 - 0x00007ff620580000 	C:\Program Files\Java\jdk-11\bin\javaw.exe
0x00007ff95ca50000 - 0x00007ff95cc48000 	C:\WINDOWS\SYSTEM32\ntdll.dll
0x00007ff95ab10000 - 0x00007ff95abcd000 	C:\WINDOWS\System32\KERNEL32.DLL
0x00007ff95a610000 - 0x00007ff95a906000 	C:\WINDOWS\System32\KERNELBASE.dll
0x00007ff95a2d0000 - 0x00007ff95a3d0000 	C:\WINDOWS\System32\ucrtbase.dll
0x00007ff944cf0000 - 0x00007ff944d09000 	C:\Program Files\Java\jdk-11\bin\jli.dll
0x00007ff944cd0000 - 0x00007ff944ceb000 	C:\Program Files\Java\jdk-11\bin\VCRUNTIME140.dll
0x00007ff95ac00000 - 0x00007ff95acb3000 	C:\WINDOWS\System32\ADVAPI32.dll
0x00007ff95c5d0000 - 0x00007ff95c66e000 	C:\WINDOWS\System32\msvcrt.dll
0x00007ff95c940000 - 0x00007ff95c9df000 	C:\WINDOWS\System32\sechost.dll
0x00007ff95c810000 - 0x00007ff95c936000 	C:\WINDOWS\System32\RPCRT4.dll
0x00007ff95a910000 - 0x00007ff95a937000 	C:\WINDOWS\System32\bcrypt.dll
0x00007ff95b730000 - 0x00007ff95b8ce000 	C:\WINDOWS\System32\USER32.dll
0x00007ff946a60000 - 0x00007ff946cfa000 	C:\WINDOWS\WinSxS\amd64_microsoft.windows.common-controls_6595b64144ccf1df_6.0.19041.3636_none_60b6a03d71f818d5\COMCTL32.dll
0x00007ff95a5e0000 - 0x00007ff95a602000 	C:\WINDOWS\System32\win32u.dll
0x00007ff95abd0000 - 0x00007ff95abfc000 	C:\WINDOWS\System32\GDI32.dll
0x00007ff95a3d0000 - 0x00007ff95a4ea000 	C:\WINDOWS\System32\gdi32full.dll
0x00007ff95a540000 - 0x00007ff95a5dd000 	C:\WINDOWS\System32\msvcp_win.dll
0x00007ff955230000 - 0x00007ff95523a000 	C:\WINDOWS\SYSTEM32\VERSION.dll
0x00007ff95c9e0000 - 0x00007ff95ca10000 	C:\WINDOWS\System32\IMM32.DLL
0x00007ff951a50000 - 0x00007ff951a5c000 	C:\Program Files\Java\jdk-11\bin\vcruntime140_1.dll
0x00007ff933ef0000 - 0x00007ff933f7e000 	C:\Program Files\Java\jdk-11\bin\msvcp140.dll
0x00007ff8f6cb0000 - 0x00007ff8f781d000 	C:\Program Files\Java\jdk-11\bin\server\jvm.dll
0x00007ff95ab00000 - 0x00007ff95ab08000 	C:\WINDOWS\System32\PSAPI.DLL
0x00007ff944a00000 - 0x00007ff944a27000 	C:\WINDOWS\SYSTEM32\WINMM.dll
0x00007ff9578f0000 - 0x00007ff9578f9000 	C:\WINDOWS\SYSTEM32\WSOCK32.dll
0x00007ff95c4b0000 - 0x00007ff95c51b000 	C:\WINDOWS\System32\WS2_32.dll
0x00007ff957ff0000 - 0x00007ff958002000 	C:\WINDOWS\SYSTEM32\kernel.appcore.dll
0x00007ff944cc0000 - 0x00007ff944cd0000 	C:\Program Files\Java\jdk-11\bin\verify.dll
0x00007ff944750000 - 0x00007ff944934000 	C:\WINDOWS\SYSTEM32\DBGHELP.DLL
0x00007ff944710000 - 0x00007ff944744000 	C:\WINDOWS\SYSTEM32\dbgcore.DLL
0x00007ff95a120000 - 0x00007ff95a1a2000 	C:\WINDOWS\System32\bcryptPrimitives.dll
0x00007ff944c90000 - 0x00007ff944cb8000 	C:\Program Files\Java\jdk-11\bin\java.dll
0x00007ff93e110000 - 0x00007ff93e11a000 	C:\Program Files\Java\jdk-11\bin\jimage.dll
0x00007ff93e0f0000 - 0x00007ff93e107000 	C:\Program Files\Java\jdk-11\bin\zip.dll

dbghelp: loaded successfully - version: 4.0.5 - missing functions: none
symbol engine: initialized successfully - sym options: 0x614 - pdb path: .;C:\Program Files\Java\jdk-11\bin;C:\WINDOWS\SYSTEM32;C:\WINDOWS\WinSxS\amd64_microsoft.windows.common-controls_6595b64144ccf1df_6.0.19041.3636_none_60b6a03d71f818d5;C:\Program Files\Java\jdk-11\bin\server

VM Arguments:
jvm_args: -Dfile.encoding=UTF-8 -Dstdout.encoding=UTF-8 -Dstderr.encoding=UTF-8 
java_command: day0119.L03_CheckRadio
java_class_path (initial): C:\sist0103\work\JavaProject\SistJavaProject\bin
Launcher Type: SUN_STANDARD

[Global flags]
     intx CICompilerCount                          = 4                                         {product} {ergonomic}
     uint ConcGCThreads                            = 2                                         {product} {ergonomic}
     uint G1ConcRefinementThreads                  = 8                                         {product} {ergonomic}
   size_t G1HeapRegionSize                         = 1048576                                   {product} {ergonomic}
    uintx GCDrainStackTargetSize                   = 64                                        {product} {ergonomic}
   size_t InitialHeapSize                          = 268435456                                 {product} {ergonomic}
   size_t MarkStackSize                            = 4194304                                   {product} {ergonomic}
   size_t MaxHeapSize                              = 4273995776                                {product} {ergonomic}
   size_t MinHeapDeltaBytes                        = 1048576                                   {product} {ergonomic}
    uintx NonNMethodCodeHeapSize                   = 5836300                                {pd product} {ergonomic}
    uintx NonProfiledCodeHeapSize                  = 122910970                              {pd product} {ergonomic}
    uintx ProfiledCodeHeapSize                     = 122910970                              {pd product} {ergonomic}
    uintx ReservedCodeCacheSize                    = 251658240                              {pd product} {ergonomic}
     bool SegmentedCodeCache                       = true                                      {product} {ergonomic}
     bool UseCompressedClassPointers               = true                                 {lp64_product} {ergonomic}
     bool UseCompressedOops                        = true                                 {lp64_product} {ergonomic}
     bool UseG1GC                                  = true                                      {product} {ergonomic}
     bool UseLargePagesIndividualAllocation        = false                                  {pd product} {ergonomic}

Logging:
Log output configuration:
 #0: stdout all=warning uptime,level,tags
 #1: stderr all=off uptime,level,tags

Environment Variables:
JAVA_HOME=C:\Program Files\Java\jdk-11
PATH=C:/Users/user/.p2/pool/plugins/org.eclipse.justj.openjdk.hotspot.jre.full.win32.x86_64_17.0.9.v20231028-0858/jre/bin/server;C:/Users/user/.p2/pool/plugins/org.eclipse.justj.openjdk.hotspot.jre.full.win32.x86_64_17.0.9.v20231028-0858/jre/bin;C:\Program Files\Common Files\Oracle\Java\javapath;C:\Program Files (x86)\Intel\Intel(R) Management Engine Components\iCLS\;C:\Program Files\Intel\Intel(R) Management Engine Components\iCLS\;C:\WINDOWS\system32;C:\WINDOWS;C:\WINDOWS\System32\Wbem;C:\WINDOWS\System32\WindowsPowerShell\v1.0\;C:\WINDOWS\System32\OpenSSH\;C:\Program Files (x86)\Intel\Intel(R) Management Engine Components\DAL;C:\Program Files\Intel\Intel(R) Management Engine Components\DAL;C:\Program Files (x86)\Intel\Intel(R) Management Engine Components\IPT;C:\Program Files\Intel\Intel(R) Management Engine Components\IPT;C:\Program Files\Java\jdk-11\bin;C:\Program Files\Git\cmd;C:\Program Files\Bandizip\;C:\Users\user\AppData\Local\Microsoft\WindowsApps;;C:\Users\user\Desktop;
USERNAME=user
OS=Windows_NT
PROCESSOR_IDENTIFIER=Intel64 Family 6 Model 94 Stepping 3, GenuineIntel



---------------  S Y S T E M  ---------------

OS: Windows 10 , 64 bit Build 19041 (10.0.19041.3636)

CPU:total 8 (initial active 8) (4 cores per cpu, 2 threads per core) family 6 model 94 stepping 3 microcode 0xcc, cmov, cx8, fxsr, mmx, sse, sse2, sse3, ssse3, sse4.1, sse4.2, popcnt, avx, avx2, aes, clmul, erms, rtm, 3dnowpref, lzcnt, ht, tsc, tscinvbit, bmi1, bmi2, adx, fma

Memory: 4k page, system-wide physical 16299M (7849M free)
TotalPageFile size 43058M (AvailPageFile size 92M)
current process WorkingSet (physical memory assigned to process): 10M, peak: 10M
current process commit charge ("private bytes"): 60M, peak: 316M

vm_info: Java HotSpot(TM) 64-Bit Server VM (11.0.20+9-LTS-256) for windows-amd64 JRE (11.0.20+9-LTS-256), built on Jun 14 2023 10:34:22 by "mach5one" with MS VC++ 17.1 (VS2022)

END.
